<?xml version="1.0" encoding="UTF-8"?>
<!-- Generated by org.testng.reporters.JUnitXMLReporter -->
<testsuite ignored="4" hostname="IN-PW0EZ12Z" failures="0" tests="3" name="Default test" time="39.899" errors="0" timestamp="2025-12-25T23:47:43 IST">
  <testcase classname="com.test.tests.SearchTest" name="testProductSearch" time="6.382"/>
  <testcase classname="com.test.tests.SearchTest" name="testRandomProductSearch" time="6.46"/>
  <testcase classname="com.test.tests.ProductTest" name="testAddToCartFunctionality" time="12.422"/>
  <testcase classname="com.nagp.selenium.assignment.base.BaseTest" name="@AfterSuite tearDownSuite" time="0.0">
    <ignored/>
  </testcase> <!-- @AfterSuite tearDownSuite -->
  <testcase classname="com.nagp.selenium.assignment.base.BaseTest" name="@BeforeSuite setUpSuite" time="0.0">
    <ignored/>
  </testcase> <!-- @BeforeSuite setUpSuite -->
  <testcase classname="com.nagp.selenium.assignment.base.BaseTest" name="@AfterSuite tearDownSuite" time="0.0">
    <ignored/>
  </testcase> <!-- @AfterSuite tearDownSuite -->
  <testcase classname="com.nagp.selenium.assignment.base.BaseTest" name="@BeforeSuite setUpSuite" time="0.0">
    <ignored/>
  </testcase> <!-- @BeforeSuite setUpSuite -->
</testsuite> <!-- Default test -->
