<?xml version="1.0" encoding="UTF-8"?>
<testng-results ignored="0" total="3" passed="3" failed="0" skipped="0">
  <reporter-output>
  </reporter-output>
  <suite started-at="2025-12-25T23:47:03 IST" name="Default suite" finished-at="2025-12-25T23:47:43 IST" duration-ms="39899">
    <groups>
    </groups>
    <test started-at="2025-12-25T23:47:03 IST" name="Default test" finished-at="2025-12-25T23:47:43 IST" duration-ms="39899">
      <class name="com.test.tests.ProductTest">
        <test-method is-config="true" signature="setUp(java.lang.String,java.lang.reflect.Method)[pri:0, instance:com.test.tests.ProductTest@664a9613]" started-at="2025-12-25T23:47:26 IST" name="setUp" finished-at="2025-12-25T23:47:29 IST" duration-ms="3020" status="PASS">
          <params>
            <param index="0">
              <value>
                <![CDATA[chrome]]>
              </value>
            </param>
            <param index="1">
              <value>
                <![CDATA[public void com.test.tests.ProductTest.testAddToCartFunctionality(java.lang.String)]]>
              </value>
            </param>
          </params>
          <reporter-output>
          </reporter-output>
        </test-method> <!-- setUp -->
        <test-method signature="testAddToCartFunctionality(java.lang.String)[pri:0, instance:com.test.tests.ProductTest@664a9613]" started-at="2025-12-25T23:47:29 IST" name="testAddToCartFunctionality" data-provider="productData" finished-at="2025-12-25T23:47:41 IST" duration-ms="12422" status="PASS">
          <params>
            <param index="0">
              <value>
                <![CDATA[tv]]>
              </value>
            </param>
          </params>
          <reporter-output>
          </reporter-output>
        </test-method> <!-- testAddToCartFunctionality -->
        <test-method is-config="true" signature="tearDown(org.testng.ITestResult)[pri:0, instance:com.test.tests.ProductTest@664a9613]" started-at="2025-12-25T23:47:41 IST" name="tearDown" finished-at="2025-12-25T23:47:43 IST" duration-ms="1739" status="PASS">
          <params>
            <param index="0">
              <value>
                <![CDATA[[TestResult name=testAddToCartFunctionality status=SUCCESS method=ProductTest.testAddToCartFunctionality(java.lang.String)[pri:0, instance:com.test.tests.ProductTest@664a9613] output={null}]]]>
              </value>
            </param>
          </params>
          <reporter-output>
          </reporter-output>
        </test-method> <!-- tearDown -->
      </class> <!-- com.test.tests.ProductTest -->
      <class name="com.test.tests.SearchTest">
        <test-method is-config="true" signature="setUpSuite()[pri:0, instance:com.test.tests.SearchTest@669513d8]" started-at="2025-12-25T23:47:03 IST" name="setUpSuite" finished-at="2025-12-25T23:47:03 IST" duration-ms="243" status="PASS">
          <reporter-output>
          </reporter-output>
        </test-method> <!-- setUpSuite -->
        <test-method is-config="true" signature="setUp(java.lang.String,java.lang.reflect.Method)[pri:0, instance:com.test.tests.SearchTest@669513d8]" started-at="2025-12-25T23:47:04 IST" name="setUp" finished-at="2025-12-25T23:47:07 IST" duration-ms="2887" status="PASS">
          <params>
            <param index="0">
              <value>
                <![CDATA[chrome]]>
              </value>
            </param>
            <param index="1">
              <value>
                <![CDATA[public void com.test.tests.SearchTest.testProductSearch(java.lang.String)]]>
              </value>
            </param>
          </params>
          <reporter-output>
          </reporter-output>
        </test-method> <!-- setUp -->
        <test-method signature="testProductSearch(java.lang.String)[pri:0, instance:com.test.tests.SearchTest@669513d8]" started-at="2025-12-25T23:47:07 IST" name="testProductSearch" data-provider="searchData" finished-at="2025-12-25T23:47:13 IST" duration-ms="6382" status="PASS">
          <params>
            <param index="0">
              <value>
                <![CDATA[tv]]>
              </value>
            </param>
          </params>
          <reporter-output>
          </reporter-output>
        </test-method> <!-- testProductSearch -->
        <test-method is-config="true" signature="tearDown(org.testng.ITestResult)[pri:0, instance:com.test.tests.SearchTest@669513d8]" started-at="2025-12-25T23:47:13 IST" name="tearDown" finished-at="2025-12-25T23:47:15 IST" duration-ms="1770" status="PASS">
          <params>
            <param index="0">
              <value>
                <![CDATA[[TestResult name=testProductSearch status=SUCCESS method=SearchTest.testProductSearch(java.lang.String)[pri:0, instance:com.test.tests.SearchTest@669513d8] output={null}]]]>
              </value>
            </param>
          </params>
          <reporter-output>
          </reporter-output>
        </test-method> <!-- tearDown -->
        <test-method is-config="true" signature="setUp(java.lang.String,java.lang.reflect.Method)[pri:0, instance:com.test.tests.SearchTest@669513d8]" started-at="2025-12-25T23:47:15 IST" name="setUp" finished-at="2025-12-25T23:47:18 IST" duration-ms="2830" status="PASS">
          <params>
            <param index="0">
              <value>
                <![CDATA[chrome]]>
              </value>
            </param>
            <param index="1">
              <value>
                <![CDATA[public void com.test.tests.SearchTest.testRandomProductSearch(java.lang.String)]]>
              </value>
            </param>
          </params>
          <reporter-output>
          </reporter-output>
        </test-method> <!-- setUp -->
        <test-method signature="testRandomProductSearch(java.lang.String)[pri:0, instance:com.test.tests.SearchTest@669513d8]" started-at="2025-12-25T23:47:18 IST" name="testRandomProductSearch" data-provider="productData" finished-at="2025-12-25T23:47:24 IST" duration-ms="6460" status="PASS">
          <params>
            <param index="0">
              <value>
                <![CDATA[tv]]>
              </value>
            </param>
          </params>
          <reporter-output>
          </reporter-output>
        </test-method> <!-- testRandomProductSearch -->
        <test-method is-config="true" signature="tearDown(org.testng.ITestResult)[pri:0, instance:com.test.tests.SearchTest@669513d8]" started-at="2025-12-25T23:47:24 IST" name="tearDown" finished-at="2025-12-25T23:47:26 IST" duration-ms="1443" status="PASS">
          <params>
            <param index="0">
              <value>
                <![CDATA[[TestResult name=testRandomProductSearch status=SUCCESS method=SearchTest.testRandomProductSearch(java.lang.String)[pri:0, instance:com.test.tests.SearchTest@669513d8] output={null}]]]>
              </value>
            </param>
          </params>
          <reporter-output>
          </reporter-output>
        </test-method> <!-- tearDown -->
        <test-method is-config="true" signature="tearDownSuite()[pri:0, instance:com.test.tests.SearchTest@669513d8]" started-at="2025-12-25T23:47:43 IST" name="tearDownSuite" finished-at="2025-12-25T23:47:44 IST" duration-ms="558" status="PASS">
          <reporter-output>
          </reporter-output>
        </test-method> <!-- tearDownSuite -->
      </class> <!-- com.test.tests.SearchTest -->
    </test> <!-- Default test -->
  </suite> <!-- Default suite -->
</testng-results>
