<?xml version="1.0" encoding="UTF-8"?>
<!-- Generated by org.testng.reporters.JUnitReportReporter -->
<testsuite hostname="IN-PW0EZ12Z" failures="0" tests="2" name="com.test.tests.SearchTest" time="21.772" errors="0" timestamp="2025-12-25T23:47:44 IST" skipped="0">
  <testcase classname="com.test.tests.SearchTest" name="testRandomProductSearch" time="10.733"/>
  <testcase classname="com.test.tests.SearchTest" name="testProductSearch" time="11.039"/>
</testsuite> <!-- com.test.tests.SearchTest -->
